<?xml version="1.0" encoding="UTF-8"?>
<testsuite xmlns:xsi="http://www.w3.org/2001/XMLSchema-instance" xsi:noNamespaceSchemaLocation="https://maven.apache.org/surefire/maven-surefire-plugin/xsd/surefire-test-report.xsd" name="dev.rafadao.AppTest" time="0.04" tests="1" errors="0" skipped="0" failures="0">
  <properties>
    <property name="sun.desktop" value="gnome"/>
    <property name="awt.toolkit" value="sun.awt.X11.XToolkit"/>
    <property name="java.specification.version" value="11"/>
    <property name="sun.cpu.isalist" value=""/>
    <property name="sun.jnu.encoding" value="UTF-8"/>
    <property name="java.class.path" value="/home/RAFAEL.ADAO/src/flink-apache-iceberg-nessie-java/flink-iceberg-nessie/target/test-classes:/home/RAFAEL.ADAO/src/flink-apache-iceberg-nessie-java/flink-iceberg-nessie/target/classes:/home/RAFAEL.ADAO/.m2/repository/org/apache/flink/flink-java/1.16.1/flink-java-1.16.1.jar:/home/RAFAEL.ADAO/.m2/repository/org/apache/flink/flink-core/1.16.1/flink-core-1.16.1.jar:/home/RAFAEL.ADAO/.m2/repository/org/apache/flink/flink-annotations/1.16.1/flink-annotations-1.16.1.jar:/home/RAFAEL.ADAO/.m2/repository/org/apache/flink/flink-metrics-core/1.16.1/flink-metrics-core-1.16.1.jar:/home/RAFAEL.ADAO/.m2/repository/org/apache/flink/flink-shaded-jackson/2.12.4-15.0/flink-shaded-jackson-2.12.4-15.0.jar:/home/RAFAEL.ADAO/.m2/repository/com/esotericsoftware/kryo/kryo/2.24.0/kryo-2.24.0.jar:/home/RAFAEL.ADAO/.m2/repository/com/esotericsoftware/minlog/minlog/1.2/minlog-1.2.jar:/home/RAFAEL.ADAO/.m2/repository/org/objenesis/objenesis/2.1/objenesis-2.1.jar:/home/RAFAEL.ADAO/.m2/repository/org/apache/commons/commons-lang3/3.3.2/commons-lang3-3.3.2.jar:/home/RAFAEL.ADAO/.m2/repository/org/apache/commons/commons-math3/3.6.1/commons-math3-3.6.1.jar:/home/RAFAEL.ADAO/.m2/repository/com/twitter/chill-java/0.7.6/chill-java-0.7.6.jar:/home/RAFAEL.ADAO/.m2/repository/org/slf4j/slf4j-api/1.7.32/slf4j-api-1.7.32.jar:/home/RAFAEL.ADAO/.m2/repository/com/google/code/findbugs/jsr305/1.3.9/jsr305-1.3.9.jar:/home/RAFAEL.ADAO/.m2/repository/org/apache/flink/flink-shaded-force-shading/15.0/flink-shaded-force-shading-15.0.jar:/home/RAFAEL.ADAO/.m2/repository/org/apache/flink/flink-streaming-java/1.16.1/flink-streaming-java-1.16.1.jar:/home/RAFAEL.ADAO/.m2/repository/org/apache/flink/flink-file-sink-common/1.16.1/flink-file-sink-common-1.16.1.jar:/home/RAFAEL.ADAO/.m2/repository/org/apache/flink/flink-runtime/1.16.1/flink-runtime-1.16.1.jar:/home/RAFAEL.ADAO/.m2/repository/org/apache/flink/flink-rpc-core/1.16.1/flink-rpc-core-1.16.1.jar:/home/RAFAEL.ADAO/.m2/repository/org/apache/flink/flink-rpc-akka-loader/1.16.1/flink-rpc-akka-loader-1.16.1.jar:/home/RAFAEL.ADAO/.m2/repository/org/apache/flink/flink-queryable-state-client-java/1.16.1/flink-queryable-state-client-java-1.16.1.jar:/home/RAFAEL.ADAO/.m2/repository/org/apache/flink/flink-hadoop-fs/1.16.1/flink-hadoop-fs-1.16.1.jar:/home/RAFAEL.ADAO/.m2/repository/org/apache/flink/flink-shaded-netty/4.1.70.Final-15.0/flink-shaded-netty-4.1.70.Final-15.0.jar:/home/RAFAEL.ADAO/.m2/repository/org/apache/flink/flink-shaded-zookeeper-3/3.5.9-15.0/flink-shaded-zookeeper-3-3.5.9-15.0.jar:/home/RAFAEL.ADAO/.m2/repository/org/javassist/javassist/3.24.0-GA/javassist-3.24.0-GA.jar:/home/RAFAEL.ADAO/.m2/repository/org/xerial/snappy/snappy-java/1.1.8.3/snappy-java-1.1.8.3.jar:/home/RAFAEL.ADAO/.m2/repository/org/lz4/lz4-java/1.8.0/lz4-java-1.8.0.jar:/home/RAFAEL.ADAO/.m2/repository/org/apache/flink/flink-shaded-guava/30.1.1-jre-15.0/flink-shaded-guava-30.1.1-jre-15.0.jar:/home/RAFAEL.ADAO/.m2/repository/software/amazon/awssdk/bundle/2.20.18/bundle-2.20.18.jar:/home/RAFAEL.ADAO/.m2/repository/software/amazon/eventstream/eventstream/1.0.1/eventstream-1.0.1.jar:/home/RAFAEL.ADAO/.m2/repository/org/apache/iceberg/iceberg-flink/1.3.1/iceberg-flink-1.3.1.jar:/home/RAFAEL.ADAO/.m2/repository/org/apache/flink/flink-table-api-java-bridge/1.16.1/flink-table-api-java-bridge-1.16.1.jar:/home/RAFAEL.ADAO/.m2/repository/org/apache/flink/flink-table-api-bridge-base/1.16.1/flink-table-api-bridge-base-1.16.1.jar:/home/RAFAEL.ADAO/.m2/repository/org/apache/flink/flink-table-api-java/1.16.1/flink-table-api-java-1.16.1.jar:/home/RAFAEL.ADAO/.m2/repository/org/apache/flink/flink-table-common/1.16.1/flink-table-common-1.16.1.jar:/home/RAFAEL.ADAO/.m2/repository/org/apache/flink/flink-shaded-asm-9/9.2-15.0/flink-shaded-asm-9-9.2-15.0.jar:/home/RAFAEL.ADAO/.m2/repository/com/ibm/icu/icu4j/67.1/icu4j-67.1.jar:/home/RAFAEL.ADAO/.m2/repository/org/apache/iceberg/iceberg-flink-runtime-1.16/1.3.1/iceberg-flink-runtime-1.16-1.3.1.jar:/home/RAFAEL.ADAO/.m2/repository/software/amazon/awssdk/url-connection-client/2.20.18/url-connection-client-2.20.18.jar:/home/RAFAEL.ADAO/.m2/repository/software/amazon/awssdk/utils/2.20.18/utils-2.20.18.jar:/home/RAFAEL.ADAO/.m2/repository/org/reactivestreams/reactive-streams/1.0.3/reactive-streams-1.0.3.jar:/home/RAFAEL.ADAO/.m2/repository/software/amazon/awssdk/annotations/2.20.18/annotations-2.20.18.jar:/home/RAFAEL.ADAO/.m2/repository/software/amazon/awssdk/http-client-spi/2.20.18/http-client-spi-2.20.18.jar:/home/RAFAEL.ADAO/.m2/repository/software/amazon/awssdk/metrics-spi/2.20.18/metrics-spi-2.20.18.jar:/home/RAFAEL.ADAO/.m2/repository/org/apache/iceberg/iceberg-core/1.3.1/iceberg-core-1.3.1.jar:/home/RAFAEL.ADAO/.m2/repository/org/apache/iceberg/iceberg-api/1.3.1/iceberg-api-1.3.1.jar:/home/RAFAEL.ADAO/.m2/repository/org/apache/iceberg/iceberg-common/1.3.1/iceberg-common-1.3.1.jar:/home/RAFAEL.ADAO/.m2/repository/org/apache/iceberg/iceberg-bundled-guava/1.3.1/iceberg-bundled-guava-1.3.1.jar:/home/RAFAEL.ADAO/.m2/repository/org/apache/avro/avro/1.11.1/avro-1.11.1.jar:/home/RAFAEL.ADAO/.m2/repository/io/airlift/aircompressor/0.24/aircompressor-0.24.jar:/home/RAFAEL.ADAO/.m2/repository/org/apache/httpcomponents/client5/httpclient5/5.2.1/httpclient5-5.2.1.jar:/home/RAFAEL.ADAO/.m2/repository/org/apache/httpcomponents/core5/httpcore5/5.2/httpcore5-5.2.jar:/home/RAFAEL.ADAO/.m2/repository/org/apache/httpcomponents/core5/httpcore5-h2/5.2/httpcore5-h2-5.2.jar:/home/RAFAEL.ADAO/.m2/repository/com/fasterxml/jackson/core/jackson-databind/2.14.1/jackson-databind-2.14.1.jar:/home/RAFAEL.ADAO/.m2/repository/com/fasterxml/jackson/core/jackson-annotations/2.14.1/jackson-annotations-2.14.1.jar:/home/RAFAEL.ADAO/.m2/repository/com/fasterxml/jackson/core/jackson-core/2.14.1/jackson-core-2.14.1.jar:/home/RAFAEL.ADAO/.m2/repository/com/github/ben-manes/caffeine/caffeine/2.9.3/caffeine-2.9.3.jar:/home/RAFAEL.ADAO/.m2/repository/org/checkerframework/checker-qual/3.19.0/checker-qual-3.19.0.jar:/home/RAFAEL.ADAO/.m2/repository/com/google/errorprone/error_prone_annotations/2.10.0/error_prone_annotations-2.10.0.jar:/home/RAFAEL.ADAO/.m2/repository/org/roaringbitmap/RoaringBitmap/0.9.44/RoaringBitmap-0.9.44.jar:/home/RAFAEL.ADAO/.m2/repository/org/roaringbitmap/shims/0.9.44/shims-0.9.44.jar:/home/RAFAEL.ADAO/.m2/repository/org/apache/hadoop/hadoop-common/2.8.5/hadoop-common-2.8.5.jar:/home/RAFAEL.ADAO/.m2/repository/org/apache/hadoop/hadoop-annotations/2.8.5/hadoop-annotations-2.8.5.jar:/home/RAFAEL.ADAO/.m2/repository/com/google/guava/guava/11.0.2/guava-11.0.2.jar:/home/RAFAEL.ADAO/.m2/repository/commons-cli/commons-cli/1.2/commons-cli-1.2.jar:/home/RAFAEL.ADAO/.m2/repository/xmlenc/xmlenc/0.52/xmlenc-0.52.jar:/home/RAFAEL.ADAO/.m2/repository/org/apache/httpcomponents/httpclient/4.5.2/httpclient-4.5.2.jar:/home/RAFAEL.ADAO/.m2/repository/org/apache/httpcomponents/httpcore/4.4.4/httpcore-4.4.4.jar:/home/RAFAEL.ADAO/.m2/repository/commons-codec/commons-codec/1.4/commons-codec-1.4.jar:/home/RAFAEL.ADAO/.m2/repository/commons-io/commons-io/2.4/commons-io-2.4.jar:/home/RAFAEL.ADAO/.m2/repository/commons-net/commons-net/3.1/commons-net-3.1.jar:/home/RAFAEL.ADAO/.m2/repository/commons-collections/commons-collections/3.2.2/commons-collections-3.2.2.jar:/home/RAFAEL.ADAO/.m2/repository/javax/servlet/servlet-api/2.5/servlet-api-2.5.jar:/home/RAFAEL.ADAO/.m2/repository/org/mortbay/jetty/jetty/6.1.26/jetty-6.1.26.jar:/home/RAFAEL.ADAO/.m2/repository/org/mortbay/jetty/jetty-util/6.1.26/jetty-util-6.1.26.jar:/home/RAFAEL.ADAO/.m2/repository/org/mortbay/jetty/jetty-sslengine/6.1.26/jetty-sslengine-6.1.26.jar:/home/RAFAEL.ADAO/.m2/repository/javax/servlet/jsp/jsp-api/2.1/jsp-api-2.1.jar:/home/RAFAEL.ADAO/.m2/repository/com/sun/jersey/jersey-core/1.9/jersey-core-1.9.jar:/home/RAFAEL.ADAO/.m2/repository/com/sun/jersey/jersey-json/1.9/jersey-json-1.9.jar:/home/RAFAEL.ADAO/.m2/repository/org/codehaus/jettison/jettison/1.1/jettison-1.1.jar:/home/RAFAEL.ADAO/.m2/repository/com/sun/xml/bind/jaxb-impl/2.2.3-1/jaxb-impl-2.2.3-1.jar:/home/RAFAEL.ADAO/.m2/repository/javax/xml/bind/jaxb-api/2.2.2/jaxb-api-2.2.2.jar:/home/RAFAEL.ADAO/.m2/repository/javax/xml/stream/stax-api/1.0-2/stax-api-1.0-2.jar:/home/RAFAEL.ADAO/.m2/repository/javax/activation/activation/1.1/activation-1.1.jar:/home/RAFAEL.ADAO/.m2/repository/org/codehaus/jackson/jackson-jaxrs/1.8.3/jackson-jaxrs-1.8.3.jar:/home/RAFAEL.ADAO/.m2/repository/org/codehaus/jackson/jackson-xc/1.8.3/jackson-xc-1.8.3.jar:/home/RAFAEL.ADAO/.m2/repository/com/sun/jersey/jersey-server/1.9/jersey-server-1.9.jar:/home/RAFAEL.ADAO/.m2/repository/asm/asm/3.1/asm-3.1.jar:/home/RAFAEL.ADAO/.m2/repository/commons-logging/commons-logging/1.1.3/commons-logging-1.1.3.jar:/home/RAFAEL.ADAO/.m2/repository/log4j/log4j/1.2.17/log4j-1.2.17.jar:/home/RAFAEL.ADAO/.m2/repository/net/java/dev/jets3t/jets3t/0.9.0/jets3t-0.9.0.jar:/home/RAFAEL.ADAO/.m2/repository/com/jamesmurty/utils/java-xmlbuilder/0.4/java-xmlbuilder-0.4.jar:/home/RAFAEL.ADAO/.m2/repository/commons-lang/commons-lang/2.6/commons-lang-2.6.jar:/home/RAFAEL.ADAO/.m2/repository/commons-configuration/commons-configuration/1.6/commons-configuration-1.6.jar:/home/RAFAEL.ADAO/.m2/repository/commons-digester/commons-digester/1.8/commons-digester-1.8.jar:/home/RAFAEL.ADAO/.m2/repository/commons-beanutils/commons-beanutils/1.7.0/commons-beanutils-1.7.0.jar:/home/RAFAEL.ADAO/.m2/repository/commons-beanutils/commons-beanutils-core/1.8.0/commons-beanutils-core-1.8.0.jar:/home/RAFAEL.ADAO/.m2/repository/org/slf4j/slf4j-log4j12/1.7.10/slf4j-log4j12-1.7.10.jar:/home/RAFAEL.ADAO/.m2/repository/org/codehaus/jackson/jackson-core-asl/1.9.13/jackson-core-asl-1.9.13.jar:/home/RAFAEL.ADAO/.m2/repository/org/codehaus/jackson/jackson-mapper-asl/1.9.13/jackson-mapper-asl-1.9.13.jar:/home/RAFAEL.ADAO/.m2/repository/com/google/protobuf/protobuf-java/2.5.0/protobuf-java-2.5.0.jar:/home/RAFAEL.ADAO/.m2/repository/com/google/code/gson/gson/2.2.4/gson-2.2.4.jar:/home/RAFAEL.ADAO/.m2/repository/org/apache/hadoop/hadoop-auth/2.8.5/hadoop-auth-2.8.5.jar:/home/RAFAEL.ADAO/.m2/repository/com/nimbusds/nimbus-jose-jwt/4.41.1/nimbus-jose-jwt-4.41.1.jar:/home/RAFAEL.ADAO/.m2/repository/com/github/stephenc/jcip/jcip-annotations/1.0-1/jcip-annotations-1.0-1.jar:/home/RAFAEL.ADAO/.m2/repository/net/minidev/json-smart/2.3/json-smart-2.3.jar:/home/RAFAEL.ADAO/.m2/repository/net/minidev/accessors-smart/1.2/accessors-smart-1.2.jar:/home/RAFAEL.ADAO/.m2/repository/org/ow2/asm/asm/5.0.4/asm-5.0.4.jar:/home/RAFAEL.ADAO/.m2/repository/org/apache/directory/server/apacheds-kerberos-codec/2.0.0-M15/apacheds-kerberos-codec-2.0.0-M15.jar:/home/RAFAEL.ADAO/.m2/repository/org/apache/directory/server/apacheds-i18n/2.0.0-M15/apacheds-i18n-2.0.0-M15.jar:/home/RAFAEL.ADAO/.m2/repository/org/apache/directory/api/api-asn1-api/1.0.0-M20/api-asn1-api-1.0.0-M20.jar:/home/RAFAEL.ADAO/.m2/repository/org/apache/directory/api/api-util/1.0.0-M20/api-util-1.0.0-M20.jar:/home/RAFAEL.ADAO/.m2/repository/org/apache/curator/curator-framework/2.7.1/curator-framework-2.7.1.jar:/home/RAFAEL.ADAO/.m2/repository/com/jcraft/jsch/0.1.54/jsch-0.1.54.jar:/home/RAFAEL.ADAO/.m2/repository/org/apache/curator/curator-client/2.7.1/curator-client-2.7.1.jar:/home/RAFAEL.ADAO/.m2/repository/org/apache/curator/curator-recipes/2.7.1/curator-recipes-2.7.1.jar:/home/RAFAEL.ADAO/.m2/repository/org/apache/htrace/htrace-core4/4.0.1-incubating/htrace-core4-4.0.1-incubating.jar:/home/RAFAEL.ADAO/.m2/repository/org/apache/zookeeper/zookeeper/3.4.6/zookeeper-3.4.6.jar:/home/RAFAEL.ADAO/.m2/repository/io/netty/netty/3.7.0.Final/netty-3.7.0.Final.jar:/home/RAFAEL.ADAO/.m2/repository/org/apache/commons/commons-compress/1.4.1/commons-compress-1.4.1.jar:/home/RAFAEL.ADAO/.m2/repository/org/tukaani/xz/1.0/xz-1.0.jar:/home/RAFAEL.ADAO/.m2/repository/junit/junit/4.11/junit-4.11.jar:/home/RAFAEL.ADAO/.m2/repository/org/hamcrest/hamcrest-core/1.3/hamcrest-core-1.3.jar:/home/RAFAEL.ADAO/.m2/repository/org/apache/flink/flink-connector-files/1.16.1/flink-connector-files-1.16.1.jar:"/>
    <property name="java.vm.vendor" value="Oracle Corporation"/>
    <property name="sun.arch.data.model" value="64"/>
    <property name="java.vendor.url" value="http://java.oracle.com/"/>
    <property name="user.timezone" value=""/>
    <property name="user.country.format" value="BR"/>
    <property name="java.vm.specification.version" value="11"/>
    <property name="os.name" value="Linux"/>
    <property name="sun.java.launcher" value="SUN_STANDARD"/>
    <property name="user.country" value="US"/>
    <property name="sun.boot.library.path" value="/home/RAFAEL.ADAO/.asdf/installs/java/openjdk-11.0.2/lib"/>
    <property name="sun.java.command" value="/home/RAFAEL.ADAO/src/flink-apache-iceberg-nessie-java/flink-iceberg-nessie/target/surefire/surefirebooter2165572300281291122.jar /home/RAFAEL.ADAO/src/flink-apache-iceberg-nessie-java/flink-iceberg-nessie/target/surefire 2023-10-01T11-29-19_292-jvmRun1 surefire5307229304045487768tmp surefire_07443921045004879574tmp"/>
    <property name="jdk.debug" value="release"/>
    <property name="surefire.test.class.path" value="/home/RAFAEL.ADAO/src/flink-apache-iceberg-nessie-java/flink-iceberg-nessie/target/test-classes:/home/RAFAEL.ADAO/src/flink-apache-iceberg-nessie-java/flink-iceberg-nessie/target/classes:/home/RAFAEL.ADAO/.m2/repository/org/apache/flink/flink-java/1.16.1/flink-java-1.16.1.jar:/home/RAFAEL.ADAO/.m2/repository/org/apache/flink/flink-core/1.16.1/flink-core-1.16.1.jar:/home/RAFAEL.ADAO/.m2/repository/org/apache/flink/flink-annotations/1.16.1/flink-annotations-1.16.1.jar:/home/RAFAEL.ADAO/.m2/repository/org/apache/flink/flink-metrics-core/1.16.1/flink-metrics-core-1.16.1.jar:/home/RAFAEL.ADAO/.m2/repository/org/apache/flink/flink-shaded-jackson/2.12.4-15.0/flink-shaded-jackson-2.12.4-15.0.jar:/home/RAFAEL.ADAO/.m2/repository/com/esotericsoftware/kryo/kryo/2.24.0/kryo-2.24.0.jar:/home/RAFAEL.ADAO/.m2/repository/com/esotericsoftware/minlog/minlog/1.2/minlog-1.2.jar:/home/RAFAEL.ADAO/.m2/repository/org/objenesis/objenesis/2.1/objenesis-2.1.jar:/home/RAFAEL.ADAO/.m2/repository/org/apache/commons/commons-lang3/3.3.2/commons-lang3-3.3.2.jar:/home/RAFAEL.ADAO/.m2/repository/org/apache/commons/commons-math3/3.6.1/commons-math3-3.6.1.jar:/home/RAFAEL.ADAO/.m2/repository/com/twitter/chill-java/0.7.6/chill-java-0.7.6.jar:/home/RAFAEL.ADAO/.m2/repository/org/slf4j/slf4j-api/1.7.32/slf4j-api-1.7.32.jar:/home/RAFAEL.ADAO/.m2/repository/com/google/code/findbugs/jsr305/1.3.9/jsr305-1.3.9.jar:/home/RAFAEL.ADAO/.m2/repository/org/apache/flink/flink-shaded-force-shading/15.0/flink-shaded-force-shading-15.0.jar:/home/RAFAEL.ADAO/.m2/repository/org/apache/flink/flink-streaming-java/1.16.1/flink-streaming-java-1.16.1.jar:/home/RAFAEL.ADAO/.m2/repository/org/apache/flink/flink-file-sink-common/1.16.1/flink-file-sink-common-1.16.1.jar:/home/RAFAEL.ADAO/.m2/repository/org/apache/flink/flink-runtime/1.16.1/flink-runtime-1.16.1.jar:/home/RAFAEL.ADAO/.m2/repository/org/apache/flink/flink-rpc-core/1.16.1/flink-rpc-core-1.16.1.jar:/home/RAFAEL.ADAO/.m2/repository/org/apache/flink/flink-rpc-akka-loader/1.16.1/flink-rpc-akka-loader-1.16.1.jar:/home/RAFAEL.ADAO/.m2/repository/org/apache/flink/flink-queryable-state-client-java/1.16.1/flink-queryable-state-client-java-1.16.1.jar:/home/RAFAEL.ADAO/.m2/repository/org/apache/flink/flink-hadoop-fs/1.16.1/flink-hadoop-fs-1.16.1.jar:/home/RAFAEL.ADAO/.m2/repository/org/apache/flink/flink-shaded-netty/4.1.70.Final-15.0/flink-shaded-netty-4.1.70.Final-15.0.jar:/home/RAFAEL.ADAO/.m2/repository/org/apache/flink/flink-shaded-zookeeper-3/3.5.9-15.0/flink-shaded-zookeeper-3-3.5.9-15.0.jar:/home/RAFAEL.ADAO/.m2/repository/org/javassist/javassist/3.24.0-GA/javassist-3.24.0-GA.jar:/home/RAFAEL.ADAO/.m2/repository/org/xerial/snappy/snappy-java/1.1.8.3/snappy-java-1.1.8.3.jar:/home/RAFAEL.ADAO/.m2/repository/org/lz4/lz4-java/1.8.0/lz4-java-1.8.0.jar:/home/RAFAEL.ADAO/.m2/repository/org/apache/flink/flink-shaded-guava/30.1.1-jre-15.0/flink-shaded-guava-30.1.1-jre-15.0.jar:/home/RAFAEL.ADAO/.m2/repository/software/amazon/awssdk/bundle/2.20.18/bundle-2.20.18.jar:/home/RAFAEL.ADAO/.m2/repository/software/amazon/eventstream/eventstream/1.0.1/eventstream-1.0.1.jar:/home/RAFAEL.ADAO/.m2/repository/org/apache/iceberg/iceberg-flink/1.3.1/iceberg-flink-1.3.1.jar:/home/RAFAEL.ADAO/.m2/repository/org/apache/flink/flink-table-api-java-bridge/1.16.1/flink-table-api-java-bridge-1.16.1.jar:/home/RAFAEL.ADAO/.m2/repository/org/apache/flink/flink-table-api-bridge-base/1.16.1/flink-table-api-bridge-base-1.16.1.jar:/home/RAFAEL.ADAO/.m2/repository/org/apache/flink/flink-table-api-java/1.16.1/flink-table-api-java-1.16.1.jar:/home/RAFAEL.ADAO/.m2/repository/org/apache/flink/flink-table-common/1.16.1/flink-table-common-1.16.1.jar:/home/RAFAEL.ADAO/.m2/repository/org/apache/flink/flink-shaded-asm-9/9.2-15.0/flink-shaded-asm-9-9.2-15.0.jar:/home/RAFAEL.ADAO/.m2/repository/com/ibm/icu/icu4j/67.1/icu4j-67.1.jar:/home/RAFAEL.ADAO/.m2/repository/org/apache/iceberg/iceberg-flink-runtime-1.16/1.3.1/iceberg-flink-runtime-1.16-1.3.1.jar:/home/RAFAEL.ADAO/.m2/repository/software/amazon/awssdk/url-connection-client/2.20.18/url-connection-client-2.20.18.jar:/home/RAFAEL.ADAO/.m2/repository/software/amazon/awssdk/utils/2.20.18/utils-2.20.18.jar:/home/RAFAEL.ADAO/.m2/repository/org/reactivestreams/reactive-streams/1.0.3/reactive-streams-1.0.3.jar:/home/RAFAEL.ADAO/.m2/repository/software/amazon/awssdk/annotations/2.20.18/annotations-2.20.18.jar:/home/RAFAEL.ADAO/.m2/repository/software/amazon/awssdk/http-client-spi/2.20.18/http-client-spi-2.20.18.jar:/home/RAFAEL.ADAO/.m2/repository/software/amazon/awssdk/metrics-spi/2.20.18/metrics-spi-2.20.18.jar:/home/RAFAEL.ADAO/.m2/repository/org/apache/iceberg/iceberg-core/1.3.1/iceberg-core-1.3.1.jar:/home/RAFAEL.ADAO/.m2/repository/org/apache/iceberg/iceberg-api/1.3.1/iceberg-api-1.3.1.jar:/home/RAFAEL.ADAO/.m2/repository/org/apache/iceberg/iceberg-common/1.3.1/iceberg-common-1.3.1.jar:/home/RAFAEL.ADAO/.m2/repository/org/apache/iceberg/iceberg-bundled-guava/1.3.1/iceberg-bundled-guava-1.3.1.jar:/home/RAFAEL.ADAO/.m2/repository/org/apache/avro/avro/1.11.1/avro-1.11.1.jar:/home/RAFAEL.ADAO/.m2/repository/io/airlift/aircompressor/0.24/aircompressor-0.24.jar:/home/RAFAEL.ADAO/.m2/repository/org/apache/httpcomponents/client5/httpclient5/5.2.1/httpclient5-5.2.1.jar:/home/RAFAEL.ADAO/.m2/repository/org/apache/httpcomponents/core5/httpcore5/5.2/httpcore5-5.2.jar:/home/RAFAEL.ADAO/.m2/repository/org/apache/httpcomponents/core5/httpcore5-h2/5.2/httpcore5-h2-5.2.jar:/home/RAFAEL.ADAO/.m2/repository/com/fasterxml/jackson/core/jackson-databind/2.14.1/jackson-databind-2.14.1.jar:/home/RAFAEL.ADAO/.m2/repository/com/fasterxml/jackson/core/jackson-annotations/2.14.1/jackson-annotations-2.14.1.jar:/home/RAFAEL.ADAO/.m2/repository/com/fasterxml/jackson/core/jackson-core/2.14.1/jackson-core-2.14.1.jar:/home/RAFAEL.ADAO/.m2/repository/com/github/ben-manes/caffeine/caffeine/2.9.3/caffeine-2.9.3.jar:/home/RAFAEL.ADAO/.m2/repository/org/checkerframework/checker-qual/3.19.0/checker-qual-3.19.0.jar:/home/RAFAEL.ADAO/.m2/repository/com/google/errorprone/error_prone_annotations/2.10.0/error_prone_annotations-2.10.0.jar:/home/RAFAEL.ADAO/.m2/repository/org/roaringbitmap/RoaringBitmap/0.9.44/RoaringBitmap-0.9.44.jar:/home/RAFAEL.ADAO/.m2/repository/org/roaringbitmap/shims/0.9.44/shims-0.9.44.jar:/home/RAFAEL.ADAO/.m2/repository/org/apache/hadoop/hadoop-common/2.8.5/hadoop-common-2.8.5.jar:/home/RAFAEL.ADAO/.m2/repository/org/apache/hadoop/hadoop-annotations/2.8.5/hadoop-annotations-2.8.5.jar:/home/RAFAEL.ADAO/.m2/repository/com/google/guava/guava/11.0.2/guava-11.0.2.jar:/home/RAFAEL.ADAO/.m2/repository/commons-cli/commons-cli/1.2/commons-cli-1.2.jar:/home/RAFAEL.ADAO/.m2/repository/xmlenc/xmlenc/0.52/xmlenc-0.52.jar:/home/RAFAEL.ADAO/.m2/repository/org/apache/httpcomponents/httpclient/4.5.2/httpclient-4.5.2.jar:/home/RAFAEL.ADAO/.m2/repository/org/apache/httpcomponents/httpcore/4.4.4/httpcore-4.4.4.jar:/home/RAFAEL.ADAO/.m2/repository/commons-codec/commons-codec/1.4/commons-codec-1.4.jar:/home/RAFAEL.ADAO/.m2/repository/commons-io/commons-io/2.4/commons-io-2.4.jar:/home/RAFAEL.ADAO/.m2/repository/commons-net/commons-net/3.1/commons-net-3.1.jar:/home/RAFAEL.ADAO/.m2/repository/commons-collections/commons-collections/3.2.2/commons-collections-3.2.2.jar:/home/RAFAEL.ADAO/.m2/repository/javax/servlet/servlet-api/2.5/servlet-api-2.5.jar:/home/RAFAEL.ADAO/.m2/repository/org/mortbay/jetty/jetty/6.1.26/jetty-6.1.26.jar:/home/RAFAEL.ADAO/.m2/repository/org/mortbay/jetty/jetty-util/6.1.26/jetty-util-6.1.26.jar:/home/RAFAEL.ADAO/.m2/repository/org/mortbay/jetty/jetty-sslengine/6.1.26/jetty-sslengine-6.1.26.jar:/home/RAFAEL.ADAO/.m2/repository/javax/servlet/jsp/jsp-api/2.1/jsp-api-2.1.jar:/home/RAFAEL.ADAO/.m2/repository/com/sun/jersey/jersey-core/1.9/jersey-core-1.9.jar:/home/RAFAEL.ADAO/.m2/repository/com/sun/jersey/jersey-json/1.9/jersey-json-1.9.jar:/home/RAFAEL.ADAO/.m2/repository/org/codehaus/jettison/jettison/1.1/jettison-1.1.jar:/home/RAFAEL.ADAO/.m2/repository/com/sun/xml/bind/jaxb-impl/2.2.3-1/jaxb-impl-2.2.3-1.jar:/home/RAFAEL.ADAO/.m2/repository/javax/xml/bind/jaxb-api/2.2.2/jaxb-api-2.2.2.jar:/home/RAFAEL.ADAO/.m2/repository/javax/xml/stream/stax-api/1.0-2/stax-api-1.0-2.jar:/home/RAFAEL.ADAO/.m2/repository/javax/activation/activation/1.1/activation-1.1.jar:/home/RAFAEL.ADAO/.m2/repository/org/codehaus/jackson/jackson-jaxrs/1.8.3/jackson-jaxrs-1.8.3.jar:/home/RAFAEL.ADAO/.m2/repository/org/codehaus/jackson/jackson-xc/1.8.3/jackson-xc-1.8.3.jar:/home/RAFAEL.ADAO/.m2/repository/com/sun/jersey/jersey-server/1.9/jersey-server-1.9.jar:/home/RAFAEL.ADAO/.m2/repository/asm/asm/3.1/asm-3.1.jar:/home/RAFAEL.ADAO/.m2/repository/commons-logging/commons-logging/1.1.3/commons-logging-1.1.3.jar:/home/RAFAEL.ADAO/.m2/repository/log4j/log4j/1.2.17/log4j-1.2.17.jar:/home/RAFAEL.ADAO/.m2/repository/net/java/dev/jets3t/jets3t/0.9.0/jets3t-0.9.0.jar:/home/RAFAEL.ADAO/.m2/repository/com/jamesmurty/utils/java-xmlbuilder/0.4/java-xmlbuilder-0.4.jar:/home/RAFAEL.ADAO/.m2/repository/commons-lang/commons-lang/2.6/commons-lang-2.6.jar:/home/RAFAEL.ADAO/.m2/repository/commons-configuration/commons-configuration/1.6/commons-configuration-1.6.jar:/home/RAFAEL.ADAO/.m2/repository/commons-digester/commons-digester/1.8/commons-digester-1.8.jar:/home/RAFAEL.ADAO/.m2/repository/commons-beanutils/commons-beanutils/1.7.0/commons-beanutils-1.7.0.jar:/home/RAFAEL.ADAO/.m2/repository/commons-beanutils/commons-beanutils-core/1.8.0/commons-beanutils-core-1.8.0.jar:/home/RAFAEL.ADAO/.m2/repository/org/slf4j/slf4j-log4j12/1.7.10/slf4j-log4j12-1.7.10.jar:/home/RAFAEL.ADAO/.m2/repository/org/codehaus/jackson/jackson-core-asl/1.9.13/jackson-core-asl-1.9.13.jar:/home/RAFAEL.ADAO/.m2/repository/org/codehaus/jackson/jackson-mapper-asl/1.9.13/jackson-mapper-asl-1.9.13.jar:/home/RAFAEL.ADAO/.m2/repository/com/google/protobuf/protobuf-java/2.5.0/protobuf-java-2.5.0.jar:/home/RAFAEL.ADAO/.m2/repository/com/google/code/gson/gson/2.2.4/gson-2.2.4.jar:/home/RAFAEL.ADAO/.m2/repository/org/apache/hadoop/hadoop-auth/2.8.5/hadoop-auth-2.8.5.jar:/home/RAFAEL.ADAO/.m2/repository/com/nimbusds/nimbus-jose-jwt/4.41.1/nimbus-jose-jwt-4.41.1.jar:/home/RAFAEL.ADAO/.m2/repository/com/github/stephenc/jcip/jcip-annotations/1.0-1/jcip-annotations-1.0-1.jar:/home/RAFAEL.ADAO/.m2/repository/net/minidev/json-smart/2.3/json-smart-2.3.jar:/home/RAFAEL.ADAO/.m2/repository/net/minidev/accessors-smart/1.2/accessors-smart-1.2.jar:/home/RAFAEL.ADAO/.m2/repository/org/ow2/asm/asm/5.0.4/asm-5.0.4.jar:/home/RAFAEL.ADAO/.m2/repository/org/apache/directory/server/apacheds-kerberos-codec/2.0.0-M15/apacheds-kerberos-codec-2.0.0-M15.jar:/home/RAFAEL.ADAO/.m2/repository/org/apache/directory/server/apacheds-i18n/2.0.0-M15/apacheds-i18n-2.0.0-M15.jar:/home/RAFAEL.ADAO/.m2/repository/org/apache/directory/api/api-asn1-api/1.0.0-M20/api-asn1-api-1.0.0-M20.jar:/home/RAFAEL.ADAO/.m2/repository/org/apache/directory/api/api-util/1.0.0-M20/api-util-1.0.0-M20.jar:/home/RAFAEL.ADAO/.m2/repository/org/apache/curator/curator-framework/2.7.1/curator-framework-2.7.1.jar:/home/RAFAEL.ADAO/.m2/repository/com/jcraft/jsch/0.1.54/jsch-0.1.54.jar:/home/RAFAEL.ADAO/.m2/repository/org/apache/curator/curator-client/2.7.1/curator-client-2.7.1.jar:/home/RAFAEL.ADAO/.m2/repository/org/apache/curator/curator-recipes/2.7.1/curator-recipes-2.7.1.jar:/home/RAFAEL.ADAO/.m2/repository/org/apache/htrace/htrace-core4/4.0.1-incubating/htrace-core4-4.0.1-incubating.jar:/home/RAFAEL.ADAO/.m2/repository/org/apache/zookeeper/zookeeper/3.4.6/zookeeper-3.4.6.jar:/home/RAFAEL.ADAO/.m2/repository/io/netty/netty/3.7.0.Final/netty-3.7.0.Final.jar:/home/RAFAEL.ADAO/.m2/repository/org/apache/commons/commons-compress/1.4.1/commons-compress-1.4.1.jar:/home/RAFAEL.ADAO/.m2/repository/org/tukaani/xz/1.0/xz-1.0.jar:/home/RAFAEL.ADAO/.m2/repository/junit/junit/4.11/junit-4.11.jar:/home/RAFAEL.ADAO/.m2/repository/org/hamcrest/hamcrest-core/1.3/hamcrest-core-1.3.jar:/home/RAFAEL.ADAO/.m2/repository/org/apache/flink/flink-connector-files/1.16.1/flink-connector-files-1.16.1.jar:"/>
    <property name="sun.cpu.endian" value="little"/>
    <property name="user.home" value="/home/RAFAEL.ADAO"/>
    <property name="user.language" value="en"/>
    <property name="java.specification.vendor" value="Oracle Corporation"/>
    <property name="java.version.date" value="2019-01-15"/>
    <property name="java.home" value="/home/RAFAEL.ADAO/.asdf/installs/java/openjdk-11.0.2"/>
    <property name="file.separator" value="/"/>
    <property name="basedir" value="/home/RAFAEL.ADAO/src/flink-apache-iceberg-nessie-java/flink-iceberg-nessie"/>
    <property name="java.vm.compressedOopsMode" value="Zero based"/>
    <property name="line.separator" value="&#10;"/>
    <property name="java.specification.name" value="Java Platform API Specification"/>
    <property name="java.vm.specification.vendor" value="Oracle Corporation"/>
    <property name="java.awt.graphicsenv" value="sun.awt.X11GraphicsEnvironment"/>
    <property name="surefire.real.class.path" value="/home/RAFAEL.ADAO/src/flink-apache-iceberg-nessie-java/flink-iceberg-nessie/target/surefire/surefirebooter2165572300281291122.jar"/>
    <property name="sun.management.compiler" value="HotSpot 64-Bit Tiered Compilers"/>
    <property name="java.runtime.version" value="11.0.2+9"/>
    <property name="user.name" value="RAFAEL.ADAO"/>
    <property name="path.separator" value=":"/>
    <property name="os.version" value="5.15.0-84-generic"/>
    <property name="java.runtime.name" value="OpenJDK Runtime Environment"/>
    <property name="file.encoding" value="UTF-8"/>
    <property name="java.vm.name" value="OpenJDK 64-Bit Server VM"/>
    <property name="java.vendor.version" value="18.9"/>
    <property name="localRepository" value="/home/RAFAEL.ADAO/.m2/repository"/>
    <property name="java.vendor.url.bug" value="http://bugreport.java.com/bugreport/"/>
    <property name="java.io.tmpdir" value="/tmp"/>
    <property name="java.version" value="11.0.2"/>
    <property name="user.dir" value="/home/RAFAEL.ADAO/src/flink-apache-iceberg-nessie-java/flink-iceberg-nessie"/>
    <property name="os.arch" value="amd64"/>
    <property name="java.vm.specification.name" value="Java Virtual Machine Specification"/>
    <property name="java.awt.printerjob" value="sun.print.PSPrinterJob"/>
    <property name="user.language.format" value="pt"/>
    <property name="sun.os.patch.level" value="unknown"/>
    <property name="java.library.path" value="/usr/java/packages/lib:/usr/lib64:/lib64:/lib:/usr/lib"/>
    <property name="java.vendor" value="Oracle Corporation"/>
    <property name="java.vm.info" value="mixed mode"/>
    <property name="java.vm.version" value="11.0.2+9"/>
    <property name="sun.io.unicode.encoding" value="UnicodeLittle"/>
    <property name="java.class.version" value="55.0"/>
  </properties>
  <testcase name="shouldAnswerWithTrue" classname="dev.rafadao.AppTest" time="0.002"/>
</testsuite>